<?xml version="1.0" encoding="UTF-8"?>
<testsuite name="TestSuite" time="416.711" tests="12" errors="0" skipped="0" failures="0">
  <properties>
    <property name="java.runtime.name" value="Java(TM) SE Runtime Environment"/>
    <property name="sun.boot.library.path" value="C:\Java\jdk1.6.0_06\jre\bin"/>
    <property name="java.vm.version" value="10.0-b22"/>
    <property name="java.vm.vendor" value="Sun Microsystems Inc."/>
    <property name="java.vendor.url" value="http://java.sun.com/"/>
    <property name="path.separator" value=";"/>
    <property name="guice.disable.misplaced.annotation.check" value="true"/>
    <property name="java.vm.name" value="Java HotSpot(TM) Client VM"/>
    <property name="file.encoding.pkg" value="sun.io"/>
    <property name="user.country" value="US"/>
    <property name="sun.java.launcher" value="SUN_STANDARD"/>
    <property name="sun.os.patch.level" value="Service Pack 1"/>
    <property name="java.vm.specification.name" value="Java Virtual Machine Specification"/>
    <property name="user.dir" value="E:\SocialIQ_Selenium\socialIQtest"/>
    <property name="java.runtime.version" value="1.6.0_06-b02"/>
    <property name="java.awt.graphicsenv" value="sun.awt.Win32GraphicsEnvironment"/>
    <property name="java.endorsed.dirs" value="C:\Java\jdk1.6.0_06\jre\lib\endorsed"/>
    <property name="os.arch" value="x86"/>
    <property name="java.io.tmpdir" value="C:\Users\INTELL~1\AppData\Local\Temp\"/>
    <property name="line.separator" value="&#10;"/>
    <property name="java.vm.specification.vendor" value="Sun Microsystems Inc."/>
    <property name="user.variant" value=""/>
    <property name="os.name" value="Windows Vista"/>
    <property name="classworlds.conf" value="C:\apache-maven-3.2.3\bin\m2.conf"/>
    <property name="sun.jnu.encoding" value="Cp1252"/>
    <property name="java.library.path" value="C:\Java\jdk1.6.0_06\bin;.;C:\Windows\Sun\Java\bin;C:\Windows\system32;C:\Windows;C:\glassfish3\jdk\bin;C:\Program Files (x86)\AMD APP\bin\x86_64;C:\Program Files (x86)\AMD APP\bin\x86;C:\Windows\system32;C:\Windows;C:\Windows\System32\Wbem;C:\Windows\System32\WindowsPowerShell\v1.0\;C:\Xilinx\bin\nt;C:\PROGRA~2\MENTOR~1\LICENS~1;C:\Program Files (x86)\Intel\OpenCL SDK\3.0\bin\x86;C:\Program Files (x86)\Intel\OpenCL SDK\3.0\bin\x64;C:\apache-maven-3.2.3\bin;"/>
    <property name="java.specification.name" value="Java Platform API Specification"/>
    <property name="java.class.version" value="50.0"/>
    <property name="sun.management.compiler" value="HotSpot Client Compiler"/>
    <property name="os.version" value="6.1"/>
    <property name="user.home" value="C:\Users\Intelligrape"/>
    <property name="user.timezone" value="Asia/Calcutta"/>
    <property name="java.awt.printerjob" value="sun.awt.windows.WPrinterJob"/>
    <property name="file.encoding" value="Cp1252"/>
    <property name="java.specification.version" value="1.6"/>
    <property name="user.name" value="Intelligrape"/>
    <property name="java.class.path" value="C:\apache-maven-3.2.3\boot\plexus-classworlds-2.5.1.jar"/>
    <property name="java.vm.specification.version" value="1.0"/>
    <property name="sun.arch.data.model" value="32"/>
    <property name="java.home" value="C:\Java\jdk1.6.0_06\jre"/>
    <property name="java.specification.vendor" value="Sun Microsystems Inc."/>
    <property name="user.language" value="en"/>
    <property name="awt.toolkit" value="sun.awt.windows.WToolkit"/>
    <property name="java.vm.info" value="mixed mode, sharing"/>
    <property name="java.version" value="1.6.0_06"/>
    <property name="java.ext.dirs" value="C:\Java\jdk1.6.0_06\jre\lib\ext;C:\Windows\Sun\Java\lib\ext"/>
    <property name="sun.boot.class.path" value="C:\Java\jdk1.6.0_06\jre\lib\resources.jar;C:\Java\jdk1.6.0_06\jre\lib\rt.jar;C:\Java\jdk1.6.0_06\jre\lib\sunrsasign.jar;C:\Java\jdk1.6.0_06\jre\lib\jsse.jar;C:\Java\jdk1.6.0_06\jre\lib\jce.jar;C:\Java\jdk1.6.0_06\jre\lib\charsets.jar;C:\Java\jdk1.6.0_06\jre\classes"/>
    <property name="java.vendor" value="Sun Microsystems Inc."/>
    <property name="maven.home" value="C:\apache-maven-3.2.3"/>
    <property name="file.separator" value="\"/>
    <property name="java.vendor.url.bug" value="http://java.sun.com/cgi-bin/bugreport.cgi"/>
    <property name="sun.cpu.endian" value="little"/>
    <property name="sun.io.unicode.encoding" value="UnicodeLittle"/>
    <property name="sun.desktop" value="windows"/>
    <property name="sun.cpu.isalist" value="pentium_pro+mmx pentium_pro pentium+mmx pentium i486 i386 i86"/>
  </properties>
  <testcase name="FirstNameValidationTest1" classname="com.SocialIQ.EmailIdAlreadyExist" time="35.217"/>
  <testcase name="FirstNameValidationTest2" classname="com.SocialIQ.EmailIdInvalid" time="90.134"/>
  <testcase name="FirstNameValidationTest1" classname="com.SocialIQ.EmailIdExist" time="22.45"/>
  <testcase name="FirstNameValidationTest1" classname="com.SocialIQ.EmailIdNull" time="23.404"/>
  <testcase name="FirstNameValidationTest" classname="com.SocialIQ.OfferCodeExist" time="28.594"/>
  <testcase name="FirstNameValidationTest" classname="com.SocialIQ.OfferCodeExpired" time="32.728"/>
  <testcase name="FirstNameValidationTest" classname="com.SocialIQ.OfferCodeNtValid" time="29.767"/>
  <testcase name="FirstNameValidationTest" classname="com.SocialIQ.SubDomainEmpty" time="28.234"/>
  <testcase name="FirstNameValidationTest" classname="com.SocialIQ.SubDomainInvalid" time="31.57"/>
  <testcase name="FirstNameValidationTest" classname="com.SocialIQ.SubDomainExist" time="28.613"/>
  <testcase name="FirstNameValidationTest" classname="com.SocialIQ.TimeZoneMan" time="34.05"/>
  <testcase name="FirstNameValidationTest" classname="com.SocialIQ.TrialPage" time="31.95"/>
</testsuite>