<?xml version="1.0" encoding="UTF-8"?>
<!-- Generated by org.testng.reporters.JUnitReportReporter -->
<testsuite hostname="KimiAgarwal" name="com.SocialIQ.EmailIdAlreadyExist" tests="1" failures="0" timestamp="2 Dec 2014 08:30:17 GMT" time="35.135" errors="0">
  <testcase name="FirstNameValidationTest1" time="35.135" classname="com.SocialIQ.EmailIdAlreadyExist"/>
</testsuite> <!-- com.SocialIQ.EmailIdAlreadyExist -->
