<?xml version="1.0" encoding="UTF-8"?>
<!-- Generated by org.testng.reporters.JUnitReportReporter -->
<testsuite hostname="KimiAgarwal" name="com.SocialIQ.TrialPage" tests="1" failures="0" timestamp="2 Dec 2014 10:26:06 GMT" time="38.494" errors="0">
  <testcase name="FirstNameValidationTest" time="38.494" classname="com.SocialIQ.TrialPage"/>
</testsuite> <!-- com.SocialIQ.TrialPage -->
