<?xml version="1.0" encoding="UTF-8"?>
<!-- Generated by org.testng.reporters.JUnitReportReporter -->
<testsuite hostname="KimiAgarwal" name="com.SocialIQ.EmailIdNull" tests="1" failures="0" timestamp="1 Dec 2014 15:13:24 GMT" time="25.985" errors="0">
  <testcase name="FirstNameValidationTest1" time="25.985" classname="com.SocialIQ.EmailIdNull"/>
</testsuite> <!-- com.SocialIQ.EmailIdNull -->
