<?xml version="1.0" encoding="UTF-8"?>
<!-- Generated by org.testng.reporters.JUnitReportReporter -->
<testsuite hostname="KimiAgarwal" name="com.SocialIQ.EmailIdInvalid" tests="1" failures="0" timestamp="29 Nov 2014 07:19:27 GMT" time="22.748" errors="0">
  <testcase name="FirstNameValidationTest2" time="22.748" classname="com.SocialIQ.EmailIdInvalid"/>
</testsuite> <!-- com.SocialIQ.EmailIdInvalid -->
