<?xml version="1.0" encoding="UTF-8"?>
<!-- Generated by org.testng.reporters.JUnitReportReporter -->
<testsuite hostname="KimiAgarwal" name="com.SocialIQ.OfferCodeExpired" tests="1" failures="0" timestamp="29 Nov 2014 07:19:26 GMT" time="33.488" errors="0">
  <testcase name="FirstNameValidationTest" time="33.488" classname="com.SocialIQ.OfferCodeExpired"/>
</testsuite> <!-- com.SocialIQ.OfferCodeExpired -->
