<?xml version="1.0" encoding="UTF-8"?>
<!-- Generated by org.testng.reporters.JUnitReportReporter -->
<testsuite hostname="KimiAgarwal" name="com.SocialIQ.SubDomainEmpty" tests="1" failures="0" timestamp="1 Dec 2014 15:30:55 GMT" time="42.811" errors="0">
  <testcase name="FirstNameValidationTest" time="42.811" classname="com.SocialIQ.SubDomainEmpty"/>
</testsuite> <!-- com.SocialIQ.SubDomainEmpty -->
