<?xml version="1.0" encoding="UTF-8"?>
<!-- Generated by org.testng.reporters.JUnitReportReporter -->
<testsuite hostname="KimiAgarwal" name="com.SocialIQ.EmailIdInvalid" tests="1" failures="0" timestamp="2 Dec 2014 06:49:05 GMT" time="25.277" errors="0">
  <testcase name="FirstNameValidationTest2" time="25.277" classname="com.SocialIQ.EmailIdInvalid"/>
</testsuite> <!-- com.SocialIQ.EmailIdInvalid -->
