<?xml version="1.0" encoding="UTF-8"?>
<!-- Generated by org.testng.reporters.JUnitReportReporter -->
<testsuite hostname="KimiAgarwal" name="com.SocialIQ.SubDomainExist" tests="1" failures="0" timestamp="2 Dec 2014 10:26:06 GMT" time="26.793" errors="0">
  <testcase name="FirstNameValidationTest" time="26.793" classname="com.SocialIQ.SubDomainExist"/>
</testsuite> <!-- com.SocialIQ.SubDomainExist -->
