<?xml version="1.0" encoding="UTF-8"?>
<!-- Generated by org.testng.reporters.JUnitReportReporter -->
<testsuite hostname="KimiAgarwal" name="com.SocialIQ.EmailIdInvalid" tests="1" failures="0" timestamp="2 Dec 2014 10:26:06 GMT" time="25.347" errors="0">
  <testcase name="FirstNameValidationTest2" time="25.347" classname="com.SocialIQ.EmailIdInvalid"/>
</testsuite> <!-- com.SocialIQ.EmailIdInvalid -->
