<?xml version="1.0" encoding="UTF-8"?>
<!-- Generated by org.testng.reporters.JUnitReportReporter -->
<testsuite hostname="KimiAgarwal" name="com.SocialIQ.TimeZoneMan" tests="1" failures="0" timestamp="1 Dec 2014 15:13:24 GMT" time="39.734" errors="0">
  <testcase name="FirstNameValidationTest" time="39.734" classname="com.SocialIQ.TimeZoneMan"/>
</testsuite> <!-- com.SocialIQ.TimeZoneMan -->
