<?xml version="1.0" encoding="UTF-8"?>
<!-- Generated by org.testng.reporters.JUnitReportReporter -->
<testsuite hostname="KimiAgarwal" name="com.SocialIQ.EmailIdExist" tests="1" failures="0" timestamp="29 Nov 2014 07:19:27 GMT" time="23.340" errors="0">
  <testcase name="FirstNameValidationTest1" time="23.340" classname="com.SocialIQ.EmailIdExist"/>
</testsuite> <!-- com.SocialIQ.EmailIdExist -->
