<?xml version="1.0" encoding="UTF-8"?>
<!-- Generated by org.testng.reporters.JUnitReportReporter -->
<testsuite hostname="KimiAgarwal" name="com.SocialIQ.EmailIdNull" tests="1" failures="0" timestamp="29 Nov 2014 09:21:38 GMT" time="24.306" errors="0">
  <testcase name="FirstNameValidationTest1" time="24.306" classname="com.SocialIQ.EmailIdNull"/>
</testsuite> <!-- com.SocialIQ.EmailIdNull -->
