<?xml version="1.0" encoding="UTF-8"?>
<!-- Generated by org.testng.reporters.JUnitReportReporter -->
<testsuite hostname="KimiAgarwal" name="com.SocialIQ.EmailIdExist" tests="1" failures="0" timestamp="1 Dec 2014 15:13:24 GMT" time="23.069" errors="0">
  <testcase name="FirstNameValidationTest1" time="23.069" classname="com.SocialIQ.EmailIdExist"/>
</testsuite> <!-- com.SocialIQ.EmailIdExist -->
