<?xml version="1.0" encoding="UTF-8"?>
<!-- Generated by org.testng.reporters.JUnitReportReporter -->
<testsuite hostname="KimiAgarwal" name="com.SocialIQ.SubDomainInvalid" tests="1" failures="1" timestamp="2 Dec 2014 10:26:06 GMT" time="50.350" errors="0">
  <testcase name="FirstNameValidationTest" time="50.350" classname="com.SocialIQ.SubDomainInvalid">
    <failure type="org.openqa.selenium.WebDriverException" message="Failed to connect to binary FirefoxBinary(C:\Program Files (x86)\Mozilla Firefox\firefox.exe) on port 7058; process output follows: 
as been upgraded
1417515818454	addons.manager	DEBUG	Loaded provider scope for resource://gre/modules/addons/XPIProvider.jsm: [&quot;XPIProvider&quot;]
1417515818458	addons.manager	DEBUG	Loaded provider scope for resource://gre/modules/LightweightThemeManager.jsm: [&quot;LightweightThemeManager&quot;]
1417515818465	addons.xpi	DEBUG	startup
1417515818466	addons.xpi	DEBUG	Skipping unavailable install location app-system-local
1417515818467	addons.xpi	DEBUG	Skipping unavailable install location app-system-share
1417515818468	addons.xpi	INFO	Mapping {82AF8DCA-6DE9-405D-BD5E-43525BDAD38A} to C:\Program Files (x86)\Mozilla Firefox\browser\extensions\{82AF8DCA-6DE9-405D-BD5E-43525BDAD38A}.xpi
1417515818469	addons.xpi	INFO	Mapping {972ce4c6-7e08-4474-a285-3208198ce6fd} to C:\Program Files (x86)\Mozilla Firefox\browser\extensions\{972ce4c6-7e08-4474-a285-3208198ce6fd}
1417515818471	addons.xpi	INFO	Mapping fxdriver@googlecode.com to C:\Users\INTELL~1\AppData\Local\Temp\anonymous5932683272937790275webdriver-profile\extensions\fxdriver@googlecode.com
1417515818471	addons.xpi	DEBUG	Ignoring file entry whose name is not a valid add-on ID: C:\Users\INTELL~1\AppData\Local\Temp\anonymous5932683272937790275webdriver-profile\extensions\webdriver-staging
1417515818472	addons.xpi	DEBUG	checkForChanges
1417515818489	addons.xpi	DEBUG	Directory state JSON differs: cache [] state [{&quot;name&quot;:&quot;app-global&quot;,&quot;addons&quot;:{&quot;{82AF8DCA-6DE9-405D-BD5E-43525BDAD38A}&quot;:{&quot;descriptor&quot;:&quot;C:\\Program Files (x86)\\Mozilla Firefox\\browser\\extensions\\{82AF8DCA-6DE9-405D-BD5E-43525BDAD38A}.xpi&quot;,&quot;mtime&quot;:1405342340000},&quot;{972ce4c6-7e08-4474-a285-3208198ce6fd}&quot;:{&quot;descriptor&quot;:&quot;C:\\Program Files (x86)\\Mozilla Firefox\\browser\\extensions\\{972ce4c6-7e08-4474-a285-3208198ce6fd}&quot;,&quot;mtime&quot;:1415777217893,&quot;rdfTime&quot;:1415777217158}}},{&quot;name&quot;:&quot;app-profile&quot;,&quot;addons&quot;:{&quot;fxdriver@googlecode.com&quot;:{&quot;descriptor&quot;:&quot;C:\\Users\\INTELL~1\\AppData\\Local\\Temp\\anonymous5932683272937790275webdriver-profile\\extensions\\fxdriver@googlecode.com&quot;,&quot;mtime&quot;:1417515817426,&quot;rdfTime&quot;:1417515815658}}}]
1417515818502	addons.xpi-utils	DEBUG	Opening XPI database C:\Users\INTELL~1\AppData\Local\Temp\anonymous5932683272937790275webdriver-profile\extensions.json
1417515818504	addons.xpi	DEBUG	New add-on fxdriver@googlecode.com installed in app-profile
*** Blocklist::_loadBlocklistFromFile: blocklist is disabled
1417515818694	addons.xpi-utils	DEBUG	Make addon app-profile:fxdriver@googlecode.com visible
1417515818697	DeferredSave.extensions.json	DEBUG	Save changes
1417515818699	DeferredSave.extensions.json	DEBUG	Save changes
1417515818699	addons.xpi	DEBUG	New add-on {82AF8DCA-6DE9-405D-BD5E-43525BDAD38A} installed in app-global
1417515818706	addons.xpi-utils	DEBUG	Make addon app-global:{82AF8DCA-6DE9-405D-BD5E-43525BDAD38A} visible
1417515818706	DeferredSave.extensions.json	DEBUG	Save changes
1417515818706	DeferredSave.extensions.json	DEBUG	Save changes
1417515818706	addons.xpi	DEBUG	New add-on {972ce4c6-7e08-4474-a285-3208198ce6fd} installed in app-global
1417515818711	addons.xpi-utils	DEBUG	Make addon app-global:{972ce4c6-7e08-4474-a285-3208198ce6fd} visible
1417515818711	DeferredSave.extensions.json	DEBUG	Save changes
1417515818711	DeferredSave.extensions.json	DEBUG	Save changes
1417515818728	addons.xpi	DEBUG	Updating database with changes to installed add-ons
1417515818728	addons.xpi-utils	DEBUG	Updating add-on states
1417515818729	addons.xpi-utils	DEBUG	Writing add-ons list
1417515818740	addons.manager	DEBUG	Registering shutdown blocker for XPIProvider
1417515818741	addons.manager	DEBUG	Registering shutdown blocker for LightweightThemeManager
1417515818742	addons.manager	DEBUG	Registering shutdown blocker for OpenH264Provider
1417515818743	addons.manager	DEBUG	Registering shutdown blocker for PluginProvider
1417515819193	DeferredSave.extensions.json	DEBUG	Starting timer
1417515819301	DeferredSave.extensions.json	DEBUG	Starting write
1417515819474	DeferredSave.extensions.json	DEBUG	Write succeeded
1417515819474	addons.xpi-utils	DEBUG	XPI Database saved, setting schema version preference to 16

Build info: version: &#039;2.44.0&#039;, revision: &#039;76d78cf323ce037c5f92db6c1bba601c2ac43ad8&#039;, time: &#039;2014-10-23 13:11:40&#039;
System info: host: &#039;KimiAgarwal&#039;, ip: &#039;10.1.2.3&#039;, os.name: &#039;Windows 7&#039;, os.arch: &#039;amd64&#039;, os.version: &#039;6.1&#039;, java.version: &#039;1.6.0_38&#039;
Driver info: driver.version: FirefoxDriver">
      <![CDATA[org.openqa.selenium.WebDriverException: Failed to connect to binary FirefoxBinary(C:\Program Files (x86)\Mozilla Firefox\firefox.exe) on port 7058; process output follows: 
as been upgraded
1417515818454	addons.manager	DEBUG	Loaded provider scope for resource://gre/modules/addons/XPIProvider.jsm: ["XPIProvider"]
1417515818458	addons.manager	DEBUG	Loaded provider scope for resource://gre/modules/LightweightThemeManager.jsm: ["LightweightThemeManager"]
1417515818465	addons.xpi	DEBUG	startup
1417515818466	addons.xpi	DEBUG	Skipping unavailable install location app-system-local
1417515818467	addons.xpi	DEBUG	Skipping unavailable install location app-system-share
1417515818468	addons.xpi	INFO	Mapping {82AF8DCA-6DE9-405D-BD5E-43525BDAD38A} to C:\Program Files (x86)\Mozilla Firefox\browser\extensions\{82AF8DCA-6DE9-405D-BD5E-43525BDAD38A}.xpi
1417515818469	addons.xpi	INFO	Mapping {972ce4c6-7e08-4474-a285-3208198ce6fd} to C:\Program Files (x86)\Mozilla Firefox\browser\extensions\{972ce4c6-7e08-4474-a285-3208198ce6fd}
1417515818471	addons.xpi	INFO	Mapping fxdriver@googlecode.com to C:\Users\INTELL~1\AppData\Local\Temp\anonymous5932683272937790275webdriver-profile\extensions\fxdriver@googlecode.com
1417515818471	addons.xpi	DEBUG	Ignoring file entry whose name is not a valid add-on ID: C:\Users\INTELL~1\AppData\Local\Temp\anonymous5932683272937790275webdriver-profile\extensions\webdriver-staging
1417515818472	addons.xpi	DEBUG	checkForChanges
1417515818489	addons.xpi	DEBUG	Directory state JSON differs: cache [] state [{"name":"app-global","addons":{"{82AF8DCA-6DE9-405D-BD5E-43525BDAD38A}":{"descriptor":"C:\\Program Files (x86)\\Mozilla Firefox\\browser\\extensions\\{82AF8DCA-6DE9-405D-BD5E-43525BDAD38A}.xpi","mtime":1405342340000},"{972ce4c6-7e08-4474-a285-3208198ce6fd}":{"descriptor":"C:\\Program Files (x86)\\Mozilla Firefox\\browser\\extensions\\{972ce4c6-7e08-4474-a285-3208198ce6fd}","mtime":1415777217893,"rdfTime":1415777217158}}},{"name":"app-profile","addons":{"fxdriver@googlecode.com":{"descriptor":"C:\\Users\\INTELL~1\\AppData\\Local\\Temp\\anonymous5932683272937790275webdriver-profile\\extensions\\fxdriver@googlecode.com","mtime":1417515817426,"rdfTime":1417515815658}}}]
1417515818502	addons.xpi-utils	DEBUG	Opening XPI database C:\Users\INTELL~1\AppData\Local\Temp\anonymous5932683272937790275webdriver-profile\extensions.json
1417515818504	addons.xpi	DEBUG	New add-on fxdriver@googlecode.com installed in app-profile
*** Blocklist::_loadBlocklistFromFile: blocklist is disabled
1417515818694	addons.xpi-utils	DEBUG	Make addon app-profile:fxdriver@googlecode.com visible
1417515818697	DeferredSave.extensions.json	DEBUG	Save changes
1417515818699	DeferredSave.extensions.json	DEBUG	Save changes
1417515818699	addons.xpi	DEBUG	New add-on {82AF8DCA-6DE9-405D-BD5E-43525BDAD38A} installed in app-global
1417515818706	addons.xpi-utils	DEBUG	Make addon app-global:{82AF8DCA-6DE9-405D-BD5E-43525BDAD38A} visible
1417515818706	DeferredSave.extensions.json	DEBUG	Save changes
1417515818706	DeferredSave.extensions.json	DEBUG	Save changes
1417515818706	addons.xpi	DEBUG	New add-on {972ce4c6-7e08-4474-a285-3208198ce6fd} installed in app-global
1417515818711	addons.xpi-utils	DEBUG	Make addon app-global:{972ce4c6-7e08-4474-a285-3208198ce6fd} visible
1417515818711	DeferredSave.extensions.json	DEBUG	Save changes
1417515818711	DeferredSave.extensions.json	DEBUG	Save changes
1417515818728	addons.xpi	DEBUG	Updating database with changes to installed add-ons
1417515818728	addons.xpi-utils	DEBUG	Updating add-on states
1417515818729	addons.xpi-utils	DEBUG	Writing add-ons list
1417515818740	addons.manager	DEBUG	Registering shutdown blocker for XPIProvider
1417515818741	addons.manager	DEBUG	Registering shutdown blocker for LightweightThemeManager
1417515818742	addons.manager	DEBUG	Registering shutdown blocker for OpenH264Provider
1417515818743	addons.manager	DEBUG	Registering shutdown blocker for PluginProvider
1417515819193	DeferredSave.extensions.json	DEBUG	Starting timer
1417515819301	DeferredSave.extensions.json	DEBUG	Starting write
1417515819474	DeferredSave.extensions.json	DEBUG	Write succeeded
1417515819474	addons.xpi-utils	DEBUG	XPI Database saved, setting schema version preference to 16

Build info: version: '2.44.0', revision: '76d78cf323ce037c5f92db6c1bba601c2ac43ad8', time: '2014-10-23 13:11:40'
System info: host: 'KimiAgarwal', ip: '10.1.2.3', os.name: 'Windows 7', os.arch: 'amd64', os.version: '6.1', java.version: '1.6.0_38'
Driver info: driver.version: FirefoxDriver
	at org.openqa.selenium.firefox.internal.NewProfileExtensionConnection.start(NewProfileExtensionConnection.java:134)
	at org.openqa.selenium.firefox.FirefoxDriver.startClient(FirefoxDriver.java:246)
	at org.openqa.selenium.remote.RemoteWebDriver.<init>(RemoteWebDriver.java:114)
	at org.openqa.selenium.firefox.FirefoxDriver.<init>(FirefoxDriver.java:191)
	at org.openqa.selenium.firefox.FirefoxDriver.<init>(FirefoxDriver.java:186)
	at org.openqa.selenium.firefox.FirefoxDriver.<init>(FirefoxDriver.java:182)
	at org.openqa.selenium.firefox.FirefoxDriver.<init>(FirefoxDriver.java:95)
	at com.SocialIQ.SubDomainInvalid.FirstNameValidationTest(SubDomainInvalid.java:17)
	at sun.reflect.NativeMethodAccessorImpl.invoke0(Native Method)
	at sun.reflect.NativeMethodAccessorImpl.invoke(NativeMethodAccessorImpl.java:39)
	at sun.reflect.DelegatingMethodAccessorImpl.invoke(DelegatingMethodAccessorImpl.java:25)
	at java.lang.reflect.Method.invoke(Method.java:597)
	at org.testng.internal.MethodInvocationHelper.invokeMethod(MethodInvocationHelper.java:84)
	at org.testng.internal.Invoker.invokeMethod(Invoker.java:714)
	at org.testng.internal.Invoker.invokeTestMethod(Invoker.java:901)
	at org.testng.internal.Invoker.invokeTestMethods(Invoker.java:1231)
	at org.testng.internal.TestMethodWorker.invokeTestMethods(TestMethodWorker.java:127)
	at org.testng.internal.TestMethodWorker.run(TestMethodWorker.java:111)
	at org.testng.TestRunner.privateRun(TestRunner.java:767)
	at org.testng.TestRunner.run(TestRunner.java:617)
	at org.testng.SuiteRunner.runTest(SuiteRunner.java:334)
	at org.testng.SuiteRunner.runSequentially(SuiteRunner.java:329)
	at org.testng.SuiteRunner.privateRun(SuiteRunner.java:291)
	at org.testng.SuiteRunner.run(SuiteRunner.java:240)
	at org.testng.SuiteRunnerWorker.runSuite(SuiteRunnerWorker.java:52)
	at org.testng.SuiteRunnerWorker.run(SuiteRunnerWorker.java:86)
	at org.testng.TestNG.runSuitesSequentially(TestNG.java:1224)
	at org.testng.TestNG.runSuitesLocally(TestNG.java:1149)
	at org.testng.TestNG.run(TestNG.java:1057)
	at org.testng.remote.RemoteTestNG.run(RemoteTestNG.java:111)
	at org.testng.remote.RemoteTestNG.initAndRun(RemoteTestNG.java:204)
	at org.testng.remote.RemoteTestNG.main(RemoteTestNG.java:175)
Caused by: org.openqa.selenium.WebDriverException: java.lang.InterruptedException: Process timed out after waiting for 45000 ms.
Build info: version: '2.44.0', revision: '76d78cf323ce037c5f92db6c1bba601c2ac43ad8', time: '2014-10-23 13:11:40'
System info: host: 'KimiAgarwal', ip: '10.1.2.3', os.name: 'Windows 7', os.arch: 'amd64', os.version: '6.1', java.version: '1.6.0_38'
Driver info: driver.version: FirefoxDriver
	at org.openqa.selenium.os.CommandLine.waitFor(CommandLine.java:131)
	at org.openqa.selenium.firefox.FirefoxBinary.waitFor(FirefoxBinary.java:222)
	at org.openqa.selenium.firefox.FirefoxBinary.clean(FirefoxBinary.java:242)
	at org.openqa.selenium.firefox.internal.NewProfileExtensionConnection.start(NewProfileExtensionConnection.java:91)
	... 31 more
Caused by: java.lang.InterruptedException: Process timed out after waiting for 45000 ms.
	at org.openqa.selenium.os.UnixProcess.waitFor(UnixProcess.java:148)
	at org.openqa.selenium.os.CommandLine.waitFor(CommandLine.java:129)
	... 34 more
]]>
    </failure>
  </testcase> <!-- FirstNameValidationTest -->
</testsuite> <!-- com.SocialIQ.SubDomainInvalid -->
