<?xml version="1.0" encoding="UTF-8"?>
<!-- Generated by org.testng.reporters.JUnitReportReporter -->
<testsuite hostname="KimiAgarwal" name="com.SocialIQ.EmailIdNull" tests="1" failures="0" timestamp="2 Dec 2014 10:26:06 GMT" time="23.896" errors="0">
  <testcase name="FirstNameValidationTest1" time="23.896" classname="com.SocialIQ.EmailIdNull"/>
</testsuite> <!-- com.SocialIQ.EmailIdNull -->
