<?xml version="1.0" encoding="UTF-8"?>
<!-- Generated by org.testng.reporters.JUnitReportReporter -->
<testsuite hostname="KimiAgarwal" name="com.SocialIQ.SubDomainInvalid" tests="1" failures="0" timestamp="29 Nov 2014 07:20:29 GMT" time="34.101" errors="0">
  <testcase name="FirstNameValidationTest" time="34.101" classname="com.SocialIQ.SubDomainInvalid"/>
</testsuite> <!-- com.SocialIQ.SubDomainInvalid -->
