<?xml version="1.0" encoding="UTF-8"?>
<!-- Generated by org.testng.reporters.JUnitReportReporter -->
<testsuite hostname="KimiAgarwal" name="com.SocialIQ.TimeZoneMan" tests="1" failures="0" timestamp="2 Dec 2014 10:26:06 GMT" time="37.057" errors="0">
  <testcase name="FirstNameValidationTest" time="37.057" classname="com.SocialIQ.TimeZoneMan"/>
</testsuite> <!-- com.SocialIQ.TimeZoneMan -->
