<?xml version="1.0" encoding="UTF-8"?>
<!-- Generated by org.testng.reporters.JUnitReportReporter -->
<testsuite hostname="KimiAgarwal" name="com.SocialIQ.SubDomainInvalid" tests="1" failures="0" timestamp="1 Dec 2014 15:13:24 GMT" time="34.562" errors="0">
  <testcase name="FirstNameValidationTest" time="34.562" classname="com.SocialIQ.SubDomainInvalid"/>
</testsuite> <!-- com.SocialIQ.SubDomainInvalid -->
