<?xml version="1.0" encoding="UTF-8"?>
<!-- Generated by org.testng.reporters.JUnitReportReporter -->
<testsuite hostname="KimiAgarwal" name="com.SocialIQ.OfferCodeExist" tests="1" failures="0" timestamp="2 Dec 2014 10:26:06 GMT" time="29.663" errors="0">
  <testcase name="FirstNameValidationTest" time="29.663" classname="com.SocialIQ.OfferCodeExist"/>
</testsuite> <!-- com.SocialIQ.OfferCodeExist -->
