<?xml version="1.0" encoding="UTF-8"?>
<!-- Generated by org.testng.reporters.JUnitReportReporter -->
<testsuite hostname="KimiAgarwal" name="com.SocialIQ.EmailIdAlreadyExist" tests="1" failures="0" timestamp="29 Nov 2014 07:19:26 GMT" time="27.657" errors="0">
  <testcase name="FirstNameValidationTest1" time="27.657" classname="com.SocialIQ.EmailIdAlreadyExist"/>
</testsuite> <!-- com.SocialIQ.EmailIdAlreadyExist -->
