<?xml version="1.0" encoding="UTF-8"?>
<!-- Generated by org.testng.reporters.JUnitReportReporter -->
<testsuite hostname="KimiAgarwal" name="com.SocialIQ.OfferCodeExpired" tests="1" failures="0" timestamp="2 Dec 2014 10:26:06 GMT" time="33.787" errors="0">
  <testcase name="FirstNameValidationTest" time="33.787" classname="com.SocialIQ.OfferCodeExpired"/>
</testsuite> <!-- com.SocialIQ.OfferCodeExpired -->
