<?xml version="1.0" encoding="UTF-8"?>
<!-- Generated by org.testng.reporters.JUnitReportReporter -->
<testsuite hostname="KimiAgarwal" name="com.SocialIQ.OfferCodeNtValid" tests="1" failures="0" timestamp="1 Dec 2014 15:13:24 GMT" time="34.871" errors="0">
  <testcase name="FirstNameValidationTest" time="34.871" classname="com.SocialIQ.OfferCodeNtValid"/>
</testsuite> <!-- com.SocialIQ.OfferCodeNtValid -->
