<?xml version="1.0" encoding="UTF-8"?>
<!-- Generated by org.testng.reporters.JUnitReportReporter -->
<testsuite hostname="KimiAgarwal" name="com.SocialIQ.OfferCodeExpired" tests="1" failures="0" timestamp="1 Dec 2014 15:13:24 GMT" time="35.494" errors="0">
  <testcase name="FirstNameValidationTest" time="35.494" classname="com.SocialIQ.OfferCodeExpired"/>
</testsuite> <!-- com.SocialIQ.OfferCodeExpired -->
