<?xml version="1.0" encoding="UTF-8"?>
<!-- Generated by org.testng.reporters.JUnitReportReporter -->
<testsuite hostname="KimiAgarwal" name="com.SocialIQLogin.LoginPage" tests="1" failures="0" timestamp="29 Nov 2014 09:41:44 GMT" time="33.408" errors="0">
  <testcase name="FirstNameValidationTest1" time="33.408" classname="com.SocialIQLogin.LoginPage"/>
</testsuite> <!-- com.SocialIQLogin.LoginPage -->
