<?xml version="1.0" encoding="UTF-8"?>
<!-- Generated by org.testng.reporters.JUnitReportReporter -->
<testsuite hostname="KimiAgarwal" name="com.SocialIQLogin.LoginPage" tests="1" failures="0" timestamp="29 Nov 2014 10:06:03 GMT" time="29.956" errors="0">
  <testcase name="FirstNameValidationTest1" time="29.956" classname="com.SocialIQLogin.LoginPage"/>
</testsuite> <!-- com.SocialIQLogin.LoginPage -->
