<?xml version="1.0" encoding="UTF-8"?>
<!-- Generated by org.testng.reporters.JUnitReportReporter -->
<testsuite hostname="KimiAgarwal" name="com.SocialIQ.OfferCodeExist" tests="1" failures="0" timestamp="29 Nov 2014 07:19:27 GMT" time="28.993" errors="0">
  <testcase name="FirstNameValidationTest" time="28.993" classname="com.SocialIQ.OfferCodeExist"/>
</testsuite> <!-- com.SocialIQ.OfferCodeExist -->
