<?xml version="1.0" encoding="UTF-8"?>
<!-- Generated by org.testng.reporters.JUnitReportReporter -->
<testsuite hostname="KimiAgarwal" name="com.SocialIQ.TrialPage" tests="1" failures="0" timestamp="29 Nov 2014 07:53:20 GMT" time="31.750" errors="0">
  <testcase name="FirstNameValidationTest" time="31.750" classname="com.SocialIQ.TrialPage"/>
</testsuite> <!-- com.SocialIQ.TrialPage -->
