<?xml version="1.0" encoding="UTF-8"?>
<!-- Generated by org.testng.reporters.JUnitReportReporter -->
<testsuite hostname="KimiAgarwal" name="com.SocialIQ.OfferCodeExpired" tests="1" failures="0" timestamp="29 Nov 2014 09:18:33 GMT" time="34.783" errors="0">
  <testcase name="FirstNameValidationTest" time="34.783" classname="com.SocialIQ.OfferCodeExpired"/>
</testsuite> <!-- com.SocialIQ.OfferCodeExpired -->
