<?xml version="1.0" encoding="UTF-8"?>
<!-- Generated by org.testng.reporters.JUnitReportReporter -->
<testsuite hostname="KimiAgarwal" name="com.SocialIQ.OfferCodeExpired" tests="1" failures="0" timestamp="29 Nov 2014 10:15:11 GMT" time="32.729" errors="0">
  <testcase name="FirstNameValidationTest" time="32.729" classname="com.SocialIQ.OfferCodeExpired"/>
</testsuite> <!-- com.SocialIQ.OfferCodeExpired -->
