<?xml version="1.0" encoding="UTF-8"?>
<!-- Generated by org.testng.reporters.JUnitReportReporter -->
<testsuite hostname="KimiAgarwal" name="com.SocialIQ.SubDomainEmpty" tests="1" failures="0" timestamp="29 Nov 2014 09:18:33 GMT" time="35.099" errors="0">
  <testcase name="FirstNameValidationTest" time="35.099" classname="com.SocialIQ.SubDomainEmpty"/>
</testsuite> <!-- com.SocialIQ.SubDomainEmpty -->
