<?xml version="1.0" encoding="UTF-8"?>
<!-- Generated by org.testng.reporters.JUnitReportReporter -->
<testsuite hostname="KimiAgarwal" name="com.SocialIQ.TimeZoneMan" tests="1" failures="0" timestamp="29 Nov 2014 09:18:33 GMT" time="37.600" errors="0">
  <testcase name="FirstNameValidationTest" time="37.600" classname="com.SocialIQ.TimeZoneMan"/>
</testsuite> <!-- com.SocialIQ.TimeZoneMan -->
