<?xml version="1.0" encoding="UTF-8"?>
<!-- Generated by org.testng.reporters.JUnitReportReporter -->
<testsuite hostname="KimiAgarwal" name="com.SocialIQ.SubDomainExist" tests="1" failures="0" timestamp="29 Nov 2014 09:18:33 GMT" time="28.599" errors="0">
  <testcase name="FirstNameValidationTest" time="28.599" classname="com.SocialIQ.SubDomainExist"/>
</testsuite> <!-- com.SocialIQ.SubDomainExist -->
