<?xml version="1.0" encoding="UTF-8"?>
<!-- Generated by org.testng.reporters.JUnitReportReporter -->
<testsuite hostname="KimiAgarwal" name="com.SocialIQ.TimeZoneMan" tests="1" failures="0" timestamp="29 Nov 2014 07:53:20 GMT" time="34.851" errors="0">
  <testcase name="FirstNameValidationTest" time="34.851" classname="com.SocialIQ.TimeZoneMan"/>
</testsuite> <!-- com.SocialIQ.TimeZoneMan -->
