<?xml version="1.0" encoding="UTF-8"?>
<!-- Generated by org.testng.reporters.JUnitReportReporter -->
<testsuite hostname="KimiAgarwal" name="com.SocialIQ.OfferCodeNtValid" tests="1" failures="0" timestamp="29 Nov 2014 07:53:20 GMT" time="31.743" errors="0">
  <testcase name="FirstNameValidationTest" time="31.743" classname="com.SocialIQ.OfferCodeNtValid"/>
</testsuite> <!-- com.SocialIQ.OfferCodeNtValid -->
