<?xml version="1.0" encoding="UTF-8"?>
<!-- Generated by org.testng.reporters.JUnitReportReporter -->
<testsuite hostname="KimiAgarwal" name="com.SocialIQ.EmailIdExist" tests="1" failures="0" timestamp="29 Nov 2014 07:53:20 GMT" time="22.784" errors="0">
  <testcase name="FirstNameValidationTest1" time="22.784" classname="com.SocialIQ.EmailIdExist"/>
</testsuite> <!-- com.SocialIQ.EmailIdExist -->
