<?xml version="1.0" encoding="UTF-8"?>
<!-- Generated by org.testng.reporters.JUnitReportReporter -->
<testsuite hostname="KimiAgarwal" name="com.SocialIQ.EmailIdInvalid" tests="1" failures="0" timestamp="29 Nov 2014 09:18:33 GMT" time="23.628" errors="0">
  <testcase name="FirstNameValidationTest2" time="23.628" classname="com.SocialIQ.EmailIdInvalid"/>
</testsuite> <!-- com.SocialIQ.EmailIdInvalid -->
