<?xml version="1.0" encoding="UTF-8"?>
<!-- Generated by org.testng.reporters.JUnitReportReporter -->
<testsuite hostname="KimiAgarwal" name="com.SocialIQ.EmailIdInvalid" tests="1" failures="0" timestamp="29 Nov 2014 10:15:11 GMT" time="90.135" errors="0">
  <testcase name="FirstNameValidationTest2" time="90.135" classname="com.SocialIQ.EmailIdInvalid"/>
</testsuite> <!-- com.SocialIQ.EmailIdInvalid -->
