<?xml version="1.0" encoding="UTF-8"?>
<!-- Generated by org.testng.reporters.JUnitReportReporter -->
<testsuite hostname="KimiAgarwal" name="com.SocialIQ.EmailIdExist" tests="1" failures="0" timestamp="29 Nov 2014 10:15:11 GMT" time="22.450" errors="0">
  <testcase name="FirstNameValidationTest1" time="22.450" classname="com.SocialIQ.EmailIdExist"/>
</testsuite> <!-- com.SocialIQ.EmailIdExist -->
