<?xml version="1.0" encoding="UTF-8"?>
<!-- Generated by org.testng.reporters.JUnitReportReporter -->
<testsuite hostname="KimiAgarwal" name="com.SocialIQ.OfferCodeNtValid" tests="1" failures="0" timestamp="29 Nov 2014 10:15:11 GMT" time="29.767" errors="0">
  <testcase name="FirstNameValidationTest" time="29.767" classname="com.SocialIQ.OfferCodeNtValid"/>
</testsuite> <!-- com.SocialIQ.OfferCodeNtValid -->
